<?xml version="1.0" encoding="UTF-8"?>
<!-- Generated by org.testng.reporters.JUnitXMLReporter -->
<testsuite hostname="DESKTOP-LOQTLBC" ignored="0" name="BankingApp Test" tests="1" failures="0" timestamp="2020-03-31T21:35:44 IST" time="0.165" errors="0">
  <testcase name="@BeforeClass setUp" time="0.08" classname="com.inetbanking.testCase.BASECLASS">
    <failure type="java.lang.IllegalStateException" message="The driver executable does not exist: D:\Workspace\Project_1\banking\.\drivers\chromedriver.exe">
      <![CDATA[java.lang.IllegalStateException: The driver executable does not exist: D:\Workspace\Project_1\banking\.\drivers\chromedriver.exe
at com.google.common.base.Preconditions.checkState(Preconditions.java:585)
at org.openqa.selenium.remote.service.DriverService.checkExecutable(DriverService.java:146)
at org.openqa.selenium.remote.service.DriverService.findExecutable(DriverService.java:141)
at org.openqa.selenium.chrome.ChromeDriverService.access$000(ChromeDriverService.java:35)
at org.openqa.selenium.chrome.ChromeDriverService$Builder.findDefaultExecutable(ChromeDriverService.java:159)
at org.openqa.selenium.remote.service.DriverService$Builder.build(DriverService.java:355)
at org.openqa.selenium.chrome.ChromeDriverService.createDefaultService(ChromeDriverService.java:94)
at org.openqa.selenium.chrome.ChromeDriver.<init>(ChromeDriver.java:123)
at com.inetbanking.testCase.BASECLASS.setUp(BASECLASS.java:32)
at java.util.ArrayList.forEach(Unknown Source)
... Removed 25 stack frames]]>
    </failure>
  </testcase> <!-- @BeforeClass setUp -->
  <testcase name="@AfterClass tearDown" time="-1.58567074494E9" classname="com.inetbanking.testCase.BASECLASS">
    <skipped/>
  </testcase> <!-- @AfterClass tearDown -->
  <testcase name="logintest" time="0.0" classname="com.inetbanking.testCase.TC_Login_001">
    <skipped/>
  </testcase> <!-- logintest -->
</testsuite> <!-- BankingApp Test -->
